#
# There is insufficient memory for the Java Runtime Environment to continue.
# Native memory allocation (malloc) failed to allocate 32744 bytes. Error detail: ChunkPool::allocate
# Possible reasons:
#   The system is out of physical RAM or swap space
#   This process is running with CompressedOops enabled, and the Java Heap may be blocking the growth of the native heap
# Possible solutions:
#   Reduce memory load on the system
#   Increase physical memory or swap space
#   Check if swap backing store is full
#   Decrease Java heap size (-Xmx/-Xms)
#   Decrease number of Java threads
#   Decrease Java thread stack sizes (-Xss)
#   Set larger code cache with -XX:ReservedCodeCacheSize=
#   JVM is running with Zero Based Compressed Oops mode in which the Java heap is
#     placed in the first 32GB address space. The Java Heap base address is the
#     maximum limit for the native heap growth. Please use -XX:HeapBaseMinAddress
#     to set the Java Heap base and to place the Java Heap above 32GB virtual address.
# This output file may be truncated or incomplete.
#
#  Out of Memory Error (arena.cpp:79), pid=30132, tid=33508
#
# JRE version: OpenJDK Runtime Environment Temurin-17.0.13+11 (17.0.13+11) (build 17.0.13+11)
# Java VM: OpenJDK 64-Bit Server VM Temurin-17.0.13+11 (17.0.13+11, mixed mode, tiered, compressed oops, compressed class ptrs, g1 gc, windows-amd64)
# No core dump will be written. Minidumps are not enabled by default on client versions of Windows
#

---------------  S U M M A R Y ------------

Command Line: --add-modules=ALL-SYSTEM --add-opens=java.base/java.util=ALL-UNNAMED --add-opens=java.base/java.lang=ALL-UNNAMED --add-opens=java.base/sun.nio.fs=ALL-UNNAMED -Declipse.application=org.eclipse.jdt.ls.core.id1 -Dosgi.bundles.defaultStartLevel=4 -Declipse.product=org.eclipse.jdt.ls.core.product -Djava.import.generatesMetadataFilesAtProjectRoot=false -DDetectVMInstallationsJob.disabled=true -Xlog:disable -Dfile.encoding=utf8 -javaagent:c:\Users\yujh2\.vscode\extensions\redhat.java-1.36.0-win32-x64\lombok\lombok-1.18.35.jar c:\Users\yujh2\.vscode\extensions\redhat.java-1.36.0-win32-x64\server\plugins\org.eclipse.equinox.launcher_1.6.900.v20240613-2009.jar -configuration c:\Users\yujh2\AppData\Roaming\Code\User\globalStorage\redhat.java\1.36.0\config_ss_win -data c:\Users\yujh2\AppData\Roaming\Code\User\workspaceStorage\8b322c775dc989a63e8696912f2f0562\redhat.java\ss_ws --pipe=\\.\pipe\lsp-5abc6bc0c06c5284a7109511595862a1-sock

Host: 13th Gen Intel(R) Core(TM) i7-1360P, 16 cores, 15G,  Windows 11 , 64 bit Build 22621 (10.0.22621.3958)
Time: Wed Nov  6 15:27:52 2024  Windows 11 , 64 bit Build 22621 (10.0.22621.3958) elapsed time: 5.928108 seconds (0d 0h 0m 5s)

---------------  T H R E A D  ---------------

Current thread (0x000001cc3487a9a0):  JavaThread "C1 CompilerThread1" daemon [_thread_in_native, id=33508, stack(0x000000698f800000,0x000000698f900000)]


Current CompileTask:
C1:   5929 2722       3       sun.nio.fs.WindowsPathParser::parse (384 bytes)

Stack: [0x000000698f800000,0x000000698f900000]
Native frames: (J=compiled Java code, j=interpreted, Vv=VM code, C=native code)
V  [jvm.dll+0x682a19]
V  [jvm.dll+0x839538]
V  [jvm.dll+0x83afe3]
V  [jvm.dll+0x83b653]
V  [jvm.dll+0x24704f]
V  [jvm.dll+0xad03c]
V  [jvm.dll+0xad4cc]
V  [jvm.dll+0x1822cc]
V  [jvm.dll+0x183550]
V  [jvm.dll+0x134b7b]
V  [jvm.dll+0x134d40]
V  [jvm.dll+0x135018]
V  [jvm.dll+0x1344a1]
V  [jvm.dll+0x13618d]
V  [jvm.dll+0x22788c]
V  [jvm.dll+0x2259eb]
V  [jvm.dll+0x7eec98]
V  [jvm.dll+0x7e8ffc]
V  [jvm.dll+0x6818f7]
C  [ucrtbase.dll+0x29333]
C  [KERNEL32.DLL+0x1257d]
C  [ntdll.dll+0x5af08]


---------------  P R O C E S S  ---------------

Threads class SMR info:
_java_thread_list=0x000001cc39f80250, length=23, elements={
0x000001cc15b33630, 0x000001cc346be020, 0x000001cc346bedb0, 0x000001cc346d9420,
0x000001cc346f74e0, 0x000001cc3470de50, 0x000001cc3470e720, 0x000001cc34719d50,
0x000001cc3471eb70, 0x000001cc34721490, 0x000001cc342f61c0, 0x000001cc3487a9a0,
0x000001cc34a29c40, 0x000001cc34a2a160, 0x000001cc3905cfb0, 0x000001cc395f9f40,
0x000001cc3978e030, 0x000001cc3966c030, 0x000001cc395b2f90, 0x000001cc395b2060,
0x000001cc395b5810, 0x000001cc395b2570, 0x000001cc395b2a80
}

Java Threads: ( => current thread )
  0x000001cc15b33630 JavaThread "main" [_thread_blocked, id=12056, stack(0x000000698e700000,0x000000698e800000)]
  0x000001cc346be020 JavaThread "Reference Handler" daemon [_thread_blocked, id=29452, stack(0x000000698ee00000,0x000000698ef00000)]
  0x000001cc346bedb0 JavaThread "Finalizer" daemon [_thread_blocked, id=32388, stack(0x000000698ef00000,0x000000698f000000)]
  0x000001cc346d9420 JavaThread "Signal Dispatcher" daemon [_thread_blocked, id=22732, stack(0x000000698f000000,0x000000698f100000)]
  0x000001cc346f74e0 JavaThread "Attach Listener" daemon [_thread_blocked, id=29580, stack(0x000000698f100000,0x000000698f200000)]
  0x000001cc3470de50 JavaThread "Service Thread" daemon [_thread_blocked, id=29540, stack(0x000000698f200000,0x000000698f300000)]
  0x000001cc3470e720 JavaThread "Monitor Deflation Thread" daemon [_thread_blocked, id=27688, stack(0x000000698f300000,0x000000698f400000)]
  0x000001cc34719d50 JavaThread "C2 CompilerThread0" daemon [_thread_in_native, id=31464, stack(0x000000698f400000,0x000000698f500000)]
  0x000001cc3471eb70 JavaThread "C1 CompilerThread0" daemon [_thread_blocked, id=22300, stack(0x000000698f500000,0x000000698f600000)]
  0x000001cc34721490 JavaThread "Sweeper thread" daemon [_thread_blocked, id=26024, stack(0x000000698f600000,0x000000698f700000)]
  0x000001cc342f61c0 JavaThread "Common-Cleaner" daemon [_thread_blocked, id=404, stack(0x000000698f700000,0x000000698f800000)]
=>0x000001cc3487a9a0 JavaThread "C1 CompilerThread1" daemon [_thread_in_native, id=33508, stack(0x000000698f800000,0x000000698f900000)]
  0x000001cc34a29c40 JavaThread "C1 CompilerThread2" daemon [_thread_in_native, id=16296, stack(0x000000698fa00000,0x000000698fb00000)]
  0x000001cc34a2a160 JavaThread "C1 CompilerThread3" daemon [_thread_in_native, id=33440, stack(0x000000698fb00000,0x000000698fc00000)]
  0x000001cc3905cfb0 JavaThread "Notification Thread" daemon [_thread_blocked, id=19172, stack(0x000000698f900000,0x000000698fa00000)]
  0x000001cc395f9f40 JavaThread "Active Thread: Equinox Container: 3bfb0b0a-878f-48c8-a030-b3451abf4900" [_thread_blocked, id=22960, stack(0x0000006990200000,0x0000006990300000)]
  0x000001cc3978e030 JavaThread "Framework Event Dispatcher: Equinox Container: 3bfb0b0a-878f-48c8-a030-b3451abf4900" daemon [_thread_blocked, id=32368, stack(0x0000006990300000,0x0000006990400000)]
  0x000001cc3966c030 JavaThread "Start Level: Equinox Container: 3bfb0b0a-878f-48c8-a030-b3451abf4900" daemon [_thread_in_vm, id=13992, stack(0x0000006990400000,0x0000006990500000)]
  0x000001cc395b2f90 JavaThread "SCR Component Actor" daemon [_thread_blocked, id=26204, stack(0x0000006990500000,0x0000006990600000)]
  0x000001cc395b2060 JavaThread "SCR Component Registry" daemon [_thread_blocked, id=17944, stack(0x0000006990800000,0x0000006990900000)]
  0x000001cc395b5810 JavaThread "Worker-JM" [_thread_blocked, id=32296, stack(0x0000006990900000,0x0000006990a00000)]
  0x000001cc395b2570 JavaThread "Worker-0" [_thread_blocked, id=29196, stack(0x0000006990a00000,0x0000006990b00000)]
  0x000001cc395b2a80 JavaThread "Worker-1" [_thread_blocked, id=22088, stack(0x0000006991100000,0x0000006991200000)]

Other Threads:
  0x000001cc346a9210 VMThread "VM Thread" [stack: 0x000000698ed00000,0x000000698ee00000] [id=18252]
  0x000001cc3905d490 WatcherThread [stack: 0x000000698fc00000,0x000000698fd00000] [id=23272]
  0x000001cc15b9ef00 GCTaskThread "GC Thread#0" [stack: 0x000000698e800000,0x000000698e900000] [id=29608]
  0x000001cc393288c0 GCTaskThread "GC Thread#1" [stack: 0x000000698fd00000,0x000000698fe00000] [id=7492]
  0x000001cc39328b80 GCTaskThread "GC Thread#2" [stack: 0x000000698fe00000,0x000000698ff00000] [id=31552]
  0x000001cc39328e40 GCTaskThread "GC Thread#3" [stack: 0x000000698ff00000,0x0000006990000000] [id=6480]
  0x000001cc39329100 GCTaskThread "GC Thread#4" [stack: 0x0000006990000000,0x0000006990100000] [id=19240]
  0x000001cc393293c0 GCTaskThread "GC Thread#5" [stack: 0x0000006990100000,0x0000006990200000] [id=24904]
  0x000001cc39712a40 GCTaskThread "GC Thread#6" [stack: 0x0000006990600000,0x0000006990700000] [id=20440]
  0x000001cc39890510 GCTaskThread "GC Thread#7" [stack: 0x0000006990700000,0x0000006990800000] [id=18104]
  0x000001cc39a1f070 GCTaskThread "GC Thread#8" [stack: 0x0000006990b00000,0x0000006990c00000] [id=32120]
  0x000001cc39a20930 GCTaskThread "GC Thread#9" [stack: 0x0000006990c00000,0x0000006990d00000] [id=28652]
  0x000001cc39a1fb70 GCTaskThread "GC Thread#10" [stack: 0x0000006990d00000,0x0000006990e00000] [id=29628]
  0x000001cc39a1f8b0 GCTaskThread "GC Thread#11" [stack: 0x0000006990e00000,0x0000006990f00000] [id=29900]
  0x000001cc39a1f5f0 GCTaskThread "GC Thread#12" [stack: 0x0000006991300000,0x0000006991400000] [id=17444]
  0x000001cc15baf870 ConcurrentGCThread "G1 Main Marker" [stack: 0x000000698e900000,0x000000698ea00000] [id=33600]
  0x000001cc15bb0940 ConcurrentGCThread "G1 Conc#0" [stack: 0x000000698ea00000,0x000000698eb00000] [id=19588]
  0x000001cc39a20bf0 ConcurrentGCThread "G1 Conc#1" [stack: 0x0000006990f00000,0x0000006991000000] [id=19000]
  0x000001cc39a1f330 ConcurrentGCThread "G1 Conc#2" [stack: 0x0000006991000000,0x0000006991100000] [id=9376]
  0x000001cc341be980 ConcurrentGCThread "G1 Refine#0" [stack: 0x000000698eb00000,0x000000698ec00000] [id=33676]
  0x000001cc341bf2c0 ConcurrentGCThread "G1 Service" [stack: 0x000000698ec00000,0x000000698ed00000] [id=8012]

Threads with active compile tasks:
C2 CompilerThread0     6051 2735 %     4       sun.security.provider.SHA::implCompress0 @ 27 (506 bytes)
C1 CompilerThread1     6052 2722       3       sun.nio.fs.WindowsPathParser::parse (384 bytes)
C1 CompilerThread2     6053 2728       3       sun.nio.fs.WindowsPath::getFileName (87 bytes)
C1 CompilerThread3     6053 2731       3       sun.nio.fs.WindowsFileAttributes::fromFindData (127 bytes)
C2 CompilerThread1     6054 2751       4       java.util.zip.ZipFile::getZipEntry (322 bytes)

VM state: not at safepoint (normal execution)

VM Mutex/Monitor currently owned by a thread: None

Heap address: 0x0000000704e00000, size: 4018 MB, Compressed Oops mode: Zero based, Oop shift amount: 3

CDS archive(s) not mapped
Compressed class space mapped at: 0x0000000800000000-0x0000000840000000, reserved size: 1073741824
Narrow klass base: 0x0000000800000000, Narrow klass shift: 0, Narrow klass range: 0x40000000

GC Precious Log:
 CPUs: 16 total, 16 available
 Memory: 16066M
 Large Page Support: Disabled
 NUMA Support: Disabled
 Compressed Oops: Enabled (Zero based)
 Heap Region Size: 2M
 Heap Min Capacity: 8M
 Heap Initial Capacity: 252M
 Heap Max Capacity: 4018M
 Pre-touch: Disabled
 Parallel Workers: 13
 Concurrent Workers: 3
 Concurrent Refinement Workers: 13
 Periodic GC: Disabled

Heap:
 garbage-first heap   total 40960K, used 12028K [0x0000000704e00000, 0x0000000800000000)
  region size 2048K, 3 young (6144K), 2 survivors (4096K)
 Metaspace       used 29362K, committed 29952K, reserved 1114112K
  class space    used 2819K, committed 3072K, reserved 1048576K

Heap Regions: E=young(eden), S=young(survivor), O=old, HS=humongous(starts), HC=humongous(continues), CS=collection set, F=free, OA=open archive, CA=closed archive, TAMS=top-at-mark-start (previous, next)
|   0|0x0000000704e00000, 0x0000000705000000, 0x0000000705000000|100%| O|  |TAMS 0x0000000705000000, 0x0000000704e00000| Untracked 
|   1|0x0000000705000000, 0x0000000705000000, 0x0000000705200000|  0%| F|  |TAMS 0x0000000705000000, 0x0000000705000000| Untracked 
|   2|0x0000000705200000, 0x0000000705400000, 0x0000000705400000|100%| O|  |TAMS 0x0000000705200000, 0x0000000705200000| Untracked 
|   3|0x0000000705400000, 0x0000000705600000, 0x0000000705600000|100%| O|  |TAMS 0x0000000705400000, 0x0000000705400000| Untracked 
|   4|0x0000000705600000, 0x0000000705800000, 0x0000000705800000|100%| O|  |TAMS 0x0000000705600000, 0x0000000705600000| Untracked 
|   5|0x0000000705800000, 0x0000000705818c00, 0x0000000705a00000|  4%| O|  |TAMS 0x0000000705800000, 0x0000000705800000| Untracked 
|   6|0x0000000705a00000, 0x0000000705a00000, 0x0000000705c00000|  0%| F|  |TAMS 0x0000000705a00000, 0x0000000705a00000| Untracked 
|   7|0x0000000705c00000, 0x0000000705c00000, 0x0000000705e00000|  0%| F|  |TAMS 0x0000000705c00000, 0x0000000705c00000| Untracked 
|   8|0x0000000705e00000, 0x0000000705fa6560, 0x0000000706000000| 82%| S|CS|TAMS 0x0000000705e00000, 0x0000000705e00000| Complete 
|   9|0x0000000706000000, 0x0000000706000000, 0x0000000706200000|  0%| F|  |TAMS 0x0000000706000000, 0x0000000706000000| Untracked 
|  10|0x0000000706200000, 0x0000000706400000, 0x0000000706400000|100%| S|CS|TAMS 0x0000000706200000, 0x0000000706200000| Complete 
|  11|0x0000000706400000, 0x0000000706400000, 0x0000000706600000|  0%| F|  |TAMS 0x0000000706400000, 0x0000000706400000| Untracked 
|  12|0x0000000706600000, 0x0000000706600000, 0x0000000706800000|  0%| F|  |TAMS 0x0000000706600000, 0x0000000706600000| Untracked 
|  13|0x0000000706800000, 0x0000000706800000, 0x0000000706a00000|  0%| F|  |TAMS 0x0000000706800000, 0x0000000706800000| Untracked 
|  14|0x0000000706a00000, 0x0000000706a00000, 0x0000000706c00000|  0%| F|  |TAMS 0x0000000706a00000, 0x0000000706a00000| Untracked 
|  15|0x0000000706c00000, 0x0000000706c00000, 0x0000000706e00000|  0%| F|  |TAMS 0x0000000706c00000, 0x0000000706c00000| Untracked 
| 104|0x0000000711e00000, 0x0000000711e00000, 0x0000000712000000|  0%| F|  |TAMS 0x0000000711e00000, 0x0000000711e00000| Untracked 
| 105|0x0000000712000000, 0x0000000712000000, 0x0000000712200000|  0%| F|  |TAMS 0x0000000712000000, 0x0000000712000000| Untracked 
| 108|0x0000000712600000, 0x0000000712600000, 0x0000000712800000|  0%| F|  |TAMS 0x0000000712600000, 0x0000000712600000| Untracked 
| 125|0x0000000714800000, 0x000000071484c3d8, 0x0000000714a00000| 14%| E|  |TAMS 0x0000000714800000, 0x0000000714800000| Complete 

Card table byte_map: [0x000001cc28820000,0x000001cc29000000] _byte_map_base: 0x000001cc24ff9000

Marking Bits (Prev, Next): (CMBitMap*) 0x000001cc15b9f470, (CMBitMap*) 0x000001cc15b9f430
 Prev Bits: [0x000001cc2d6b0000, 0x000001cc31578000)
 Next Bits: [0x000001cc297e0000, 0x000001cc2d6a8000)

Polling page: 0x000001cc13aa0000

Metaspace:

Usage:
  Non-class:     25.93 MB used.
      Class:      2.75 MB used.
       Both:     28.68 MB used.

Virtual space:
  Non-class space:       64.00 MB reserved,      26.25 MB ( 41%) committed,  1 nodes.
      Class space:        1.00 GB reserved,       3.00 MB ( <1%) committed,  1 nodes.
             Both:        1.06 GB reserved,      29.25 MB (  3%) committed. 

Chunk freelists:
   Non-Class:  5.73 MB
       Class:  12.95 MB
        Both:  18.68 MB

MaxMetaspaceSize: unlimited
CompressedClassSpaceSize: 1.00 GB
Initial GC threshold: 21.00 MB
Current GC threshold: 35.12 MB
CDS: off
MetaspaceReclaimPolicy: balanced
 - commit_granule_bytes: 65536.
 - commit_granule_words: 8192.
 - virtual_space_node_default_size: 8388608.
 - enlarge_chunks_in_place: 1.
 - new_chunks_are_fully_committed: 0.
 - uncommit_free_chunks: 1.
 - use_allocation_guard: 0.
 - handle_deallocations: 1.


Internal statistics:

num_allocs_failed_limit: 3.
num_arena_births: 292.
num_arena_deaths: 0.
num_vsnodes_births: 2.
num_vsnodes_deaths: 0.
num_space_committed: 468.
num_space_uncommitted: 0.
num_chunks_returned_to_freelist: 3.
num_chunks_taken_from_freelist: 1069.
num_chunk_merges: 0.
num_chunk_splits: 705.
num_chunks_enlarged: 497.
num_inconsistent_stats: 0.

CodeHeap 'non-profiled nmethods': size=119168Kb used=1174Kb max_used=1174Kb free=117993Kb
 bounds [0x000001cc20360000, 0x000001cc205d0000, 0x000001cc277c0000]
CodeHeap 'profiled nmethods': size=119104Kb used=5701Kb max_used=5701Kb free=113402Kb
 bounds [0x000001cc187c0000, 0x000001cc18d60000, 0x000001cc1fc10000]
CodeHeap 'non-nmethods': size=7488Kb used=2942Kb max_used=2977Kb free=4545Kb
 bounds [0x000001cc1fc10000, 0x000001cc1ff00000, 0x000001cc20360000]
 total_blobs=3334 nmethods=2768 adapters=475
 compilation: enabled
              stopped_count=0, restarted_count=0
 full_count=0

Compilation events (20 events):
Event: 5.917 Thread 0x000001cc34a2a160 2718       3       sun.nio.fs.WindowsPath::<init> (26 bytes)
Event: 5.918 Thread 0x000001cc34a2a160 nmethod 2718 0x000001cc18d3e710 code [0x000001cc18d3e8c0, 0x000001cc18d3ebb8]
Event: 5.919 Thread 0x000001cc3487a9a0 2719       1       sun.nio.fs.WindowsPath::toString (5 bytes)
Event: 5.919 Thread 0x000001cc3487a9a0 nmethod 2719 0x000001cc20481990 code [0x000001cc20481b20, 0x000001cc20481bf8]
Event: 5.919 Thread 0x000001cc3471eb70 2721       1       java.nio.file.Files$AcceptAllFilter::accept (2 bytes)
Event: 5.919 Thread 0x000001cc3471eb70 nmethod 2721 0x000001cc20481c90 code [0x000001cc20481e20, 0x000001cc20481ef8]
Event: 5.920 Thread 0x000001cc3487a9a0 2722       3       sun.nio.fs.WindowsPathParser::parse (384 bytes)
Event: 5.920 Thread 0x000001cc34a2a160 2723       3       sun.nio.fs.WindowsPathParser$Result::<init> (20 bytes)
Event: 5.920 Thread 0x000001cc3471eb70 2724       3       sun.nio.fs.WindowsPathParser::isLetter (30 bytes)
Event: 5.920 Thread 0x000001cc3471eb70 nmethod 2724 0x000001cc18d3ec90 code [0x000001cc18d3ee20, 0x000001cc18d3eff8]
Event: 5.920 Thread 0x000001cc34a2a160 nmethod 2723 0x000001cc18d3f090 code [0x000001cc18d3f240, 0x000001cc18d3f4d8]
Event: 5.921 Thread 0x000001cc3471eb70 2725       3       sun.nio.fs.WindowsFileAttributes::isReparsePoint (14 bytes)
Event: 5.921 Thread 0x000001cc34a2a160 2726       3       sun.nio.fs.WindowsFileAttributes::<init> (57 bytes)
Event: 5.921 Thread 0x000001cc3471eb70 nmethod 2725 0x000001cc18d3f590 code [0x000001cc18d3f720, 0x000001cc18d3f878]
Event: 5.921 Thread 0x000001cc34a2a160 nmethod 2726 0x000001cc18d3f910 code [0x000001cc18d3faa0, 0x000001cc18d3fc38]
Event: 5.921 Thread 0x000001cc34a2a160 2727       3       sun.nio.fs.WindowsDirectoryStream$WindowsDirectoryIterator::isSelfOrParent (24 bytes)
Event: 5.921 Thread 0x000001cc34a29c40 2728       3       sun.nio.fs.WindowsPath::getFileName (87 bytes)
Event: 5.922 Thread 0x000001cc34a2a160 nmethod 2727 0x000001cc18d3fd10 code [0x000001cc18d3fec0, 0x000001cc18d400d8]
Event: 5.922 Thread 0x000001cc3471eb70 2730   !   3       sun.nio.fs.WindowsDirectoryStream$WindowsDirectoryIterator::readNextEntry (192 bytes)
Event: 5.922 Thread 0x000001cc34a2a160 2729  s    3       sun.nio.fs.WindowsDirectoryStream$WindowsDirectoryIterator::hasNext (35 bytes)

GC Heap History (14 events):
Event: 1.170 GC heap before
{Heap before GC invocations=0 (full 0):
 garbage-first heap   total 258048K, used 20480K [0x0000000704e00000, 0x0000000800000000)
  region size 2048K, 11 young (22528K), 0 survivors (0K)
 Metaspace       used 10063K, committed 10240K, reserved 1114112K
  class space    used 1007K, committed 1088K, reserved 1048576K
}
Event: 1.174 GC heap after
{Heap after GC invocations=1 (full 0):
 garbage-first heap   total 258048K, used 3819K [0x0000000704e00000, 0x0000000800000000)
  region size 2048K, 2 young (4096K), 2 survivors (4096K)
 Metaspace       used 10063K, committed 10240K, reserved 1114112K
  class space    used 1007K, committed 1088K, reserved 1048576K
}
Event: 2.534 GC heap before
{Heap before GC invocations=1 (full 0):
 garbage-first heap   total 258048K, used 34539K [0x0000000704e00000, 0x0000000800000000)
  region size 2048K, 18 young (36864K), 2 survivors (4096K)
 Metaspace       used 15375K, committed 15680K, reserved 1114112K
  class space    used 1560K, committed 1728K, reserved 1048576K
}
Event: 2.542 GC heap after
{Heap after GC invocations=2 (full 0):
 garbage-first heap   total 258048K, used 5329K [0x0000000704e00000, 0x0000000800000000)
  region size 2048K, 2 young (4096K), 2 survivors (4096K)
 Metaspace       used 15375K, committed 15680K, reserved 1114112K
  class space    used 1560K, committed 1728K, reserved 1048576K
}
Event: 3.670 GC heap before
{Heap before GC invocations=2 (full 0):
 garbage-first heap   total 258048K, used 38097K [0x0000000704e00000, 0x0000000800000000)
  region size 2048K, 19 young (38912K), 2 survivors (4096K)
 Metaspace       used 21053K, committed 21504K, reserved 1114112K
  class space    used 2162K, committed 2368K, reserved 1048576K
}
Event: 3.676 GC heap after
{Heap after GC invocations=3 (full 0):
 garbage-first heap   total 258048K, used 7377K [0x0000000704e00000, 0x0000000800000000)
  region size 2048K, 3 young (6144K), 3 survivors (6144K)
 Metaspace       used 21053K, committed 21504K, reserved 1114112K
  class space    used 2162K, committed 2368K, reserved 1048576K
}
Event: 4.123 GC heap before
{Heap before GC invocations=4 (full 0):
 garbage-first heap   total 40960K, used 25809K [0x0000000704e00000, 0x0000000800000000)
  region size 2048K, 12 young (24576K), 3 survivors (6144K)
 Metaspace       used 22720K, committed 23232K, reserved 1114112K
  class space    used 2311K, committed 2496K, reserved 1048576K
}
Event: 4.128 GC heap after
{Heap after GC invocations=5 (full 0):
 garbage-first heap   total 40960K, used 9036K [0x0000000704e00000, 0x0000000800000000)
  region size 2048K, 2 young (4096K), 2 survivors (4096K)
 Metaspace       used 22720K, committed 23232K, reserved 1114112K
  class space    used 2311K, committed 2496K, reserved 1048576K
}
Event: 4.147 GC heap before
{Heap before GC invocations=5 (full 0):
 garbage-first heap   total 40960K, used 11084K [0x0000000704e00000, 0x0000000800000000)
  region size 2048K, 3 young (6144K), 2 survivors (4096K)
 Metaspace       used 22722K, committed 23232K, reserved 1114112K
  class space    used 2311K, committed 2496K, reserved 1048576K
}
Event: 4.151 GC heap after
{Heap after GC invocations=6 (full 0):
 garbage-first heap   total 40960K, used 9395K [0x0000000704e00000, 0x0000000800000000)
  region size 2048K, 1 young (2048K), 1 survivors (2048K)
 Metaspace       used 22722K, committed 23232K, reserved 1114112K
  class space    used 2311K, committed 2496K, reserved 1048576K
}
Event: 4.755 GC heap before
{Heap before GC invocations=6 (full 0):
 garbage-first heap   total 40960K, used 23731K [0x0000000704e00000, 0x0000000800000000)
  region size 2048K, 9 young (18432K), 1 survivors (2048K)
 Metaspace       used 25612K, committed 26048K, reserved 1114112K
  class space    used 2511K, committed 2688K, reserved 1048576K
}
Event: 4.757 GC heap after
{Heap after GC invocations=7 (full 0):
 garbage-first heap   total 40960K, used 8486K [0x0000000704e00000, 0x0000000800000000)
  region size 2048K, 1 young (2048K), 1 survivors (2048K)
 Metaspace       used 25612K, committed 26048K, reserved 1114112K
  class space    used 2511K, committed 2688K, reserved 1048576K
}
Event: 5.147 GC heap before
{Heap before GC invocations=7 (full 0):
 garbage-first heap   total 40960K, used 24870K [0x0000000704e00000, 0x0000000800000000)
  region size 2048K, 10 young (20480K), 1 survivors (2048K)
 Metaspace       used 27103K, committed 27648K, reserved 1114112K
  class space    used 2619K, committed 2816K, reserved 1048576K
}
Event: 5.150 GC heap after
{Heap after GC invocations=8 (full 0):
 garbage-first heap   total 40960K, used 10254K [0x0000000704e00000, 0x0000000800000000)
  region size 2048K, 1 young (2048K), 1 survivors (2048K)
 Metaspace       used 27103K, committed 27648K, reserved 1114112K
  class space    used 2619K, committed 2816K, reserved 1048576K
}

Dll operation events (11 events):
Event: 0.021 Loaded shared library c:\Users\yujh2\.vscode\extensions\redhat.java-1.36.0-win32-x64\jre\17.0.13-win32-x86_64\bin\java.dll
Event: 0.253 Loaded shared library c:\Users\yujh2\.vscode\extensions\redhat.java-1.36.0-win32-x64\jre\17.0.13-win32-x86_64\bin\zip.dll
Event: 0.261 Loaded shared library C:\Users\yujh2\.vscode\extensions\redhat.java-1.36.0-win32-x64\jre\17.0.13-win32-x86_64\bin\instrument.dll
Event: 0.273 Loaded shared library C:\Users\yujh2\.vscode\extensions\redhat.java-1.36.0-win32-x64\jre\17.0.13-win32-x86_64\bin\net.dll
Event: 0.276 Loaded shared library C:\Users\yujh2\.vscode\extensions\redhat.java-1.36.0-win32-x64\jre\17.0.13-win32-x86_64\bin\nio.dll
Event: 0.287 Loaded shared library C:\Users\yujh2\.vscode\extensions\redhat.java-1.36.0-win32-x64\jre\17.0.13-win32-x86_64\bin\zip.dll
Event: 0.308 Loaded shared library C:\Users\yujh2\.vscode\extensions\redhat.java-1.36.0-win32-x64\jre\17.0.13-win32-x86_64\bin\jimage.dll
Event: 0.453 Loaded shared library c:\Users\yujh2\.vscode\extensions\redhat.java-1.36.0-win32-x64\jre\17.0.13-win32-x86_64\bin\verify.dll
Event: 2.283 Loaded shared library C:\Users\yujh2\AppData\Roaming\Code\User\globalStorage\redhat.java\1.36.0\config_ss_win\org.eclipse.equinox.launcher\org.eclipse.equinox.launcher.win32.win32.x86_64_1.2.1100.v20240722-2106\eclipse_11904.dll
Event: 3.472 Loaded shared library C:\Users\yujh2\.vscode\extensions\redhat.java-1.36.0-win32-x64\jre\17.0.13-win32-x86_64\bin\management.dll
Event: 3.480 Loaded shared library C:\Users\yujh2\.vscode\extensions\redhat.java-1.36.0-win32-x64\jre\17.0.13-win32-x86_64\bin\management_ext.dll

Deoptimization events (20 events):
Event: 5.607 Thread 0x000001cc3966c030 Uncommon trap: trap_request=0xffffff45 fr.pc=0x000001cc203aab68 relative=0x00000000000003c8
Event: 5.607 Thread 0x000001cc3966c030 Uncommon trap: reason=unstable_if action=reinterpret pc=0x000001cc203aab68 method=java.lang.AbstractStringBuilder.append(C)Ljava/lang/AbstractStringBuilder; @ 14 c2
Event: 5.607 Thread 0x000001cc3966c030 DEOPT PACKING pc=0x000001cc203aab68 sp=0x00000069904fe860
Event: 5.607 Thread 0x000001cc3966c030 DEOPT UNPACKING pc=0x000001cc1fc669a3 sp=0x00000069904fe850 mode 2
Event: 5.612 Thread 0x000001cc3966c030 Uncommon trap: trap_request=0xffffffc6 fr.pc=0x000001cc20473960 relative=0x00000000000016a0
Event: 5.612 Thread 0x000001cc3966c030 Uncommon trap: reason=bimorphic_or_optimized_type_check action=maybe_recompile pc=0x000001cc20473960 method=java.util.HashMap.putVal(ILjava/lang/Object;Ljava/lang/Object;ZZ)Ljava/lang/Object; @ 56 c2
Event: 5.612 Thread 0x000001cc3966c030 DEOPT PACKING pc=0x000001cc20473960 sp=0x00000069904fdf50
Event: 5.612 Thread 0x000001cc3966c030 DEOPT UNPACKING pc=0x000001cc1fc669a3 sp=0x00000069904fded8 mode 2
Event: 5.612 Thread 0x000001cc3966c030 Uncommon trap: trap_request=0xffffffc6 fr.pc=0x000001cc20473960 relative=0x00000000000016a0
Event: 5.612 Thread 0x000001cc3966c030 Uncommon trap: reason=bimorphic_or_optimized_type_check action=maybe_recompile pc=0x000001cc20473960 method=java.util.HashMap.putVal(ILjava/lang/Object;Ljava/lang/Object;ZZ)Ljava/lang/Object; @ 56 c2
Event: 5.612 Thread 0x000001cc3966c030 DEOPT PACKING pc=0x000001cc20473960 sp=0x00000069904fdf50
Event: 5.612 Thread 0x000001cc3966c030 DEOPT UNPACKING pc=0x000001cc1fc669a3 sp=0x00000069904fded8 mode 2
Event: 5.612 Thread 0x000001cc3966c030 Uncommon trap: trap_request=0xffffffc6 fr.pc=0x000001cc20473960 relative=0x00000000000016a0
Event: 5.612 Thread 0x000001cc3966c030 Uncommon trap: reason=bimorphic_or_optimized_type_check action=maybe_recompile pc=0x000001cc20473960 method=java.util.HashMap.putVal(ILjava/lang/Object;Ljava/lang/Object;ZZ)Ljava/lang/Object; @ 56 c2
Event: 5.612 Thread 0x000001cc3966c030 DEOPT PACKING pc=0x000001cc20473960 sp=0x00000069904fdf50
Event: 5.612 Thread 0x000001cc3966c030 DEOPT UNPACKING pc=0x000001cc1fc669a3 sp=0x00000069904fded8 mode 2
Event: 5.612 Thread 0x000001cc3966c030 Uncommon trap: trap_request=0xffffffc6 fr.pc=0x000001cc20473960 relative=0x00000000000016a0
Event: 5.612 Thread 0x000001cc3966c030 Uncommon trap: reason=bimorphic_or_optimized_type_check action=maybe_recompile pc=0x000001cc20473960 method=java.util.HashMap.putVal(ILjava/lang/Object;Ljava/lang/Object;ZZ)Ljava/lang/Object; @ 56 c2
Event: 5.612 Thread 0x000001cc3966c030 DEOPT PACKING pc=0x000001cc20473960 sp=0x00000069904fdf50
Event: 5.612 Thread 0x000001cc3966c030 DEOPT UNPACKING pc=0x000001cc1fc669a3 sp=0x00000069904fded8 mode 2

Classes loaded (20 events):
Event: 5.717 Loading class java/net/Inet4Address
Event: 5.718 Loading class java/net/Inet4Address done
Event: 5.718 Loading class java/net/Inet6Address
Event: 5.718 Loading class java/net/Inet6Address done
Event: 5.718 Loading class java/net/Inet6Address$Inet6AddressHolder
Event: 5.718 Loading class java/net/Inet6Address$Inet6AddressHolder done
Event: 5.718 Loading class java/net/DefaultInterface
Event: 5.718 Loading class java/net/DefaultInterface done
Event: 5.794 Loading class java/net/NetworkInterface$1
Event: 5.795 Loading class java/net/NetworkInterface$1 done
Event: 5.910 Loading class java/nio/file/Files$AcceptAllFilter
Event: 5.911 Loading class java/nio/file/DirectoryStream$Filter
Event: 5.911 Loading class java/nio/file/DirectoryStream$Filter done
Event: 5.911 Loading class java/nio/file/Files$AcceptAllFilter done
Event: 5.911 Loading class sun/nio/fs/WindowsDirectoryStream$WindowsDirectoryIterator
Event: 5.911 Loading class sun/nio/fs/WindowsDirectoryStream$WindowsDirectoryIterator done
Event: 5.912 Loading class sun/nio/fs/WindowsPath$WindowsPathWithAttributes
Event: 5.912 Loading class sun/nio/fs/BasicFileAttributesHolder
Event: 5.912 Loading class sun/nio/fs/BasicFileAttributesHolder done
Event: 5.912 Loading class sun/nio/fs/WindowsPath$WindowsPathWithAttributes done

Classes unloaded (0 events):
No events

Classes redefined (0 events):
No events

Internal exceptions (20 events):
Event: 3.733 Thread 0x000001cc395b2570 Exception <a 'java/lang/NoSuchMethodError'{0x0000000706d0b090}: 'java.lang.Object java.lang.invoke.DirectMethodHandle$Holder.newInvokeSpecial(java.lang.Object, java.lang.Object, int, java.lang.Object)'> (0x0000000706d0b090) 
thrown [s\src\hotspot\share\interpreter\linkResolver.cpp, line 759]
Event: 3.734 Thread 0x000001cc395b2570 Exception <a 'java/lang/NoSuchMethodError'{0x0000000706d0eba0}: 'java.lang.Object java.lang.invoke.DirectMethodHandle$Holder.invokeSpecial(java.lang.Object, java.lang.Object, java.lang.Object, int, java.lang.Object)'> (0x0000000706d0eba0) 
thrown [s\src\hotspot\share\interpreter\linkResolver.cpp, line 759]
Event: 3.838 Thread 0x000001cc3966c030 Exception <a 'java/lang/NoSuchMethodError'{0x000000070691f8a8}: 'double java.lang.invoke.DirectMethodHandle$Holder.invokeStatic(java.lang.Object, java.lang.Object)'> (0x000000070691f8a8) 
thrown [s\src\hotspot\share\interpreter\linkResolver.cpp, line 759]
Event: 3.838 Thread 0x000001cc3966c030 Exception <a 'java/lang/NoSuchMethodError'{0x00000007069231c0}: 'double java.lang.invoke.DirectMethodHandle$Holder.invokeStaticInit(java.lang.Object, java.lang.Object)'> (0x00000007069231c0) 
thrown [s\src\hotspot\share\interpreter\linkResolver.cpp, line 759]
Event: 4.180 Thread 0x000001cc3966c030 Exception <a 'java/io/FileNotFoundException'{0x00000007121cb1b8}> (0x00000007121cb1b8) 
thrown [s\src\hotspot\share\prims\jni.cpp, line 516]
Event: 4.181 Thread 0x000001cc3966c030 Exception <a 'java/io/FileNotFoundException'{0x00000007121cc4e8}> (0x00000007121cc4e8) 
thrown [s\src\hotspot\share\prims\jni.cpp, line 516]
Event: 4.181 Thread 0x000001cc3966c030 Exception <a 'java/io/FileNotFoundException'{0x00000007121cd950}> (0x00000007121cd950) 
thrown [s\src\hotspot\share\prims\jni.cpp, line 516]
Event: 4.530 Thread 0x000001cc3966c030 Exception <a 'java/lang/NoSuchMethodError'{0x0000000706726658}: 'int java.lang.invoke.DirectMethodHandle$Holder.invokeStaticInit(java.lang.Object, java.lang.Object, java.lang.Object)'> (0x0000000706726658) 
thrown [s\src\hotspot\share\interpreter\linkResolver.cpp, line 759]
Event: 4.770 Thread 0x000001cc3966c030 Implicit null exception at 0x000001cc20453949 to 0x000001cc20453a0c
Event: 5.102 Thread 0x000001cc3966c030 Exception <a 'java/io/FileNotFoundException'{0x0000000706caec58}> (0x0000000706caec58) 
thrown [s\src\hotspot\share\prims\jni.cpp, line 516]
Event: 5.104 Thread 0x000001cc3966c030 Exception <a 'java/lang/NoSuchMethodError'{0x0000000706cb7270}: 'java.lang.Object java.lang.invoke.DirectMethodHandle$Holder.newInvokeSpecial(java.lang.Object, int, java.lang.Object, java.lang.Object)'> (0x0000000706cb7270) 
thrown [s\src\hotspot\share\interpreter\linkResolver.cpp, line 759]
Event: 5.155 Thread 0x000001cc3966c030 Exception <a 'java/io/FileNotFoundException'{0x0000000712660328}> (0x0000000712660328) 
thrown [s\src\hotspot\share\prims\jni.cpp, line 516]
Event: 5.535 Thread 0x000001cc3966c030 Exception <a 'java/io/FileNotFoundException'{0x0000000706d9f008}> (0x0000000706d9f008) 
thrown [s\src\hotspot\share\prims\jni.cpp, line 516]
Event: 5.630 Thread 0x000001cc3966c030 Exception <a 'sun/nio/fs/WindowsException'{0x000000070680a6e8}> (0x000000070680a6e8) 
thrown [s\src\hotspot\share\prims\jni.cpp, line 516]
Event: 5.631 Thread 0x000001cc3966c030 Exception <a 'sun/nio/fs/WindowsException'{0x000000070680e538}> (0x000000070680e538) 
thrown [s\src\hotspot\share\prims\jni.cpp, line 516]
Event: 5.632 Thread 0x000001cc3966c030 Exception <a 'sun/nio/fs/WindowsException'{0x0000000706815e40}> (0x0000000706815e40) 
thrown [s\src\hotspot\share\prims\jni.cpp, line 516]
Event: 5.632 Thread 0x000001cc3966c030 Exception <a 'sun/nio/fs/WindowsException'{0x0000000706816b80}> (0x0000000706816b80) 
thrown [s\src\hotspot\share\prims\jni.cpp, line 516]
Event: 5.657 Thread 0x000001cc3966c030 Exception <a 'sun/nio/fs/WindowsException'{0x00000007068e73d0}> (0x00000007068e73d0) 
thrown [s\src\hotspot\share\prims\jni.cpp, line 516]
Event: 5.657 Thread 0x000001cc3966c030 Exception <a 'sun/nio/fs/WindowsException'{0x00000007068e7998}> (0x00000007068e7998) 
thrown [s\src\hotspot\share\prims\jni.cpp, line 516]
Event: 5.687 Thread 0x000001cc3966c030 Exception <a 'java/lang/NoSuchMethodError'{0x00000007069c7b98}: 'java.lang.Object java.lang.invoke.DirectMethodHandle$Holder.invokeStaticInit(java.lang.Object, int, int, int, int)'> (0x00000007069c7b98) 
thrown [s\src\hotspot\share\interpreter\linkResolver.cpp, line 759]

VM Operations (20 events):
Event: 3.687 Executing VM operation: G1PauseRemark
Event: 3.690 Executing VM operation: G1PauseRemark done
Event: 3.692 Executing VM operation: G1PauseCleanup
Event: 3.693 Executing VM operation: G1PauseCleanup done
Event: 3.763 Executing VM operation: HandshakeAllThreads
Event: 3.763 Executing VM operation: HandshakeAllThreads done
Event: 4.123 Executing VM operation: G1CollectForAllocation
Event: 4.128 Executing VM operation: G1CollectForAllocation done
Event: 4.147 Executing VM operation: G1CollectForAllocation
Event: 4.151 Executing VM operation: G1CollectForAllocation done
Event: 4.755 Executing VM operation: G1CollectForAllocation
Event: 4.757 Executing VM operation: G1CollectForAllocation done
Event: 5.147 Executing VM operation: G1CollectForAllocation
Event: 5.150 Executing VM operation: G1CollectForAllocation done
Event: 5.420 Executing VM operation: HandshakeAllThreads
Event: 5.420 Executing VM operation: HandshakeAllThreads done
Event: 5.601 Executing VM operation: HandshakeAllThreads
Event: 5.606 Executing VM operation: HandshakeAllThreads done
Event: 5.610 Executing VM operation: HandshakeAllThreads
Event: 5.611 Executing VM operation: HandshakeAllThreads done

Memory protections (0 events):
No events

Nmethod flushes (0 events):
No events

Events (20 events):
Event: 0.118 Thread 0x000001cc15b33630 Thread added: 0x000001cc34721490
Event: 0.192 Thread 0x000001cc15b33630 Thread added: 0x000001cc342f61c0
Event: 0.219 Thread 0x000001cc3471eb70 Thread added: 0x000001cc3487a9a0
Event: 0.234 Thread 0x000001cc34719d50 Thread added: 0x000001cc348681c0
Event: 0.327 Thread 0x000001cc3487a9a0 Thread added: 0x000001cc34a29c40
Event: 0.327 Thread 0x000001cc3487a9a0 Thread added: 0x000001cc34a2a160
Event: 0.650 Thread 0x000001cc348681c0 Thread exited: 0x000001cc348681c0
Event: 0.701 Thread 0x000001cc15b33630 Thread added: 0x000001cc3905cfb0
Event: 1.783 Thread 0x000001cc15b33630 Thread added: 0x000001cc395f9f40
Event: 2.241 Thread 0x000001cc15b33630 Thread added: 0x000001cc3978e030
Event: 2.249 Thread 0x000001cc15b33630 Thread added: 0x000001cc3966c030
Event: 2.356 Thread 0x000001cc3966c030 Thread added: 0x000001cc395b2f90
Event: 2.602 Thread 0x000001cc3966c030 Thread added: 0x000001cc395b2060
Event: 3.119 Thread 0x000001cc3966c030 Thread added: 0x000001cc395b5810
Event: 3.626 Thread 0x000001cc3966c030 Thread added: 0x000001cc395b2570
Event: 3.735 Thread 0x000001cc3966c030 Thread added: 0x000001cc395b2a80
Event: 4.103 Thread 0x000001cc34a2a160 Thread added: 0x000001cc39b99fb0
Event: 4.423 Thread 0x000001cc39b99fb0 Thread exited: 0x000001cc39b99fb0
Event: 5.443 Thread 0x000001cc3966c030 Thread added: 0x000001cc395b39b0
Event: 5.667 Thread 0x000001cc395b39b0 Thread exited: 0x000001cc395b39b0


Dynamic libraries:
0x00007ff609630000 - 0x00007ff60963e000 	c:\Users\yujh2\.vscode\extensions\redhat.java-1.36.0-win32-x64\jre\17.0.13-win32-x86_64\bin\java.exe
0x00007ffb63a90000 - 0x00007ffb63ca7000 	C:\Windows\SYSTEM32\ntdll.dll
0x00007ffb61c50000 - 0x00007ffb61d14000 	C:\Windows\System32\KERNEL32.DLL
0x00007ffb61400000 - 0x00007ffb617b7000 	C:\Windows\System32\KERNELBASE.dll
0x00007ffb60e00000 - 0x00007ffb60f11000 	C:\Windows\System32\ucrtbase.dll
0x00007ffb2e050000 - 0x00007ffb2e06e000 	c:\Users\yujh2\.vscode\extensions\redhat.java-1.36.0-win32-x64\jre\17.0.13-win32-x86_64\bin\VCRUNTIME140.dll
0x00007ffb30f50000 - 0x00007ffb30f67000 	c:\Users\yujh2\.vscode\extensions\redhat.java-1.36.0-win32-x64\jre\17.0.13-win32-x86_64\bin\jli.dll
0x00007ffb62630000 - 0x00007ffb627df000 	C:\Windows\System32\USER32.dll
0x00007ffb60dd0000 - 0x00007ffb60df6000 	C:\Windows\System32\win32u.dll
0x00007ffb61d20000 - 0x00007ffb61d49000 	C:\Windows\System32\GDI32.dll
0x00007ffb61110000 - 0x00007ffb61228000 	C:\Windows\System32\gdi32full.dll
0x00007ffb600e0000 - 0x00007ffb60373000 	C:\Windows\WinSxS\amd64_microsoft.windows.common-controls_6595b64144ccf1df_6.0.22621.3672_none_2713b9d173822955\COMCTL32.dll
0x00007ffb61230000 - 0x00007ffb612ca000 	C:\Windows\System32\msvcp_win.dll
0x00007ffb62170000 - 0x00007ffb62217000 	C:\Windows\System32\msvcrt.dll
0x00007ffb630b0000 - 0x00007ffb630e1000 	C:\Windows\System32\IMM32.DLL
0x00007ffb5c4d0000 - 0x00007ffb5c4dc000 	c:\Users\yujh2\.vscode\extensions\redhat.java-1.36.0-win32-x64\jre\17.0.13-win32-x86_64\bin\vcruntime140_1.dll
0x00007ffb03740000 - 0x00007ffb037cd000 	c:\Users\yujh2\.vscode\extensions\redhat.java-1.36.0-win32-x64\jre\17.0.13-win32-x86_64\bin\msvcp140.dll
0x00007ffa96530000 - 0x00007ffa9719b000 	c:\Users\yujh2\.vscode\extensions\redhat.java-1.36.0-win32-x64\jre\17.0.13-win32-x86_64\bin\server\jvm.dll
0x00007ffb62250000 - 0x00007ffb62302000 	C:\Windows\System32\ADVAPI32.dll
0x00007ffb62310000 - 0x00007ffb623b8000 	C:\Windows\System32\sechost.dll
0x00007ffb60da0000 - 0x00007ffb60dc8000 	C:\Windows\System32\bcrypt.dll
0x00007ffb61980000 - 0x00007ffb61a94000 	C:\Windows\System32\RPCRT4.dll
0x00007ffb63180000 - 0x00007ffb631f1000 	C:\Windows\System32\WS2_32.dll
0x00007ffb56cf0000 - 0x00007ffb56d24000 	C:\Windows\SYSTEM32\WINMM.dll
0x00007ffb59fd0000 - 0x00007ffb59fda000 	C:\Windows\SYSTEM32\VERSION.dll
0x00007ffb60670000 - 0x00007ffb606bd000 	C:\Windows\SYSTEM32\POWRPROF.dll
0x00007ffb603c0000 - 0x00007ffb603d3000 	C:\Windows\SYSTEM32\UMPDC.dll
0x00007ffb5f590000 - 0x00007ffb5f5a8000 	C:\Windows\SYSTEM32\kernel.appcore.dll
0x00007ffb430a0000 - 0x00007ffb430aa000 	c:\Users\yujh2\.vscode\extensions\redhat.java-1.36.0-win32-x64\jre\17.0.13-win32-x86_64\bin\jimage.dll
0x00007ffb60700000 - 0x00007ffb60932000 	C:\Windows\SYSTEM32\DBGHELP.DLL
0x00007ffb61de0000 - 0x00007ffb6216e000 	C:\Windows\System32\combase.dll
0x00007ffb63440000 - 0x00007ffb63517000 	C:\Windows\System32\OLEAUT32.dll
0x00007ffb605a0000 - 0x00007ffb605d2000 	C:\Windows\SYSTEM32\dbgcore.DLL
0x00007ffb61090000 - 0x00007ffb6110b000 	C:\Windows\System32\bcryptPrimitives.dll
0x00007ffb3e9e0000 - 0x00007ffb3e9ee000 	c:\Users\yujh2\.vscode\extensions\redhat.java-1.36.0-win32-x64\jre\17.0.13-win32-x86_64\bin\instrument.dll
0x00007ffb2d790000 - 0x00007ffb2d7b5000 	c:\Users\yujh2\.vscode\extensions\redhat.java-1.36.0-win32-x64\jre\17.0.13-win32-x86_64\bin\java.dll
0x00007ffb2a8c0000 - 0x00007ffb2a8d8000 	c:\Users\yujh2\.vscode\extensions\redhat.java-1.36.0-win32-x64\jre\17.0.13-win32-x86_64\bin\zip.dll
0x00007ffb627e0000 - 0x00007ffb63049000 	C:\Windows\System32\SHELL32.dll
0x00007ffb5e2d0000 - 0x00007ffb5ebcf000 	C:\Windows\SYSTEM32\windows.storage.dll
0x00007ffb5e190000 - 0x00007ffb5e2cf000 	C:\Windows\SYSTEM32\wintypes.dll
0x00007ffb62520000 - 0x00007ffb62619000 	C:\Windows\System32\SHCORE.dll
0x00007ffb63050000 - 0x00007ffb630ae000 	C:\Windows\System32\shlwapi.dll
0x00007ffb60cd0000 - 0x00007ffb60cf7000 	C:\Windows\SYSTEM32\profapi.dll
0x00007ffb2a330000 - 0x00007ffb2a349000 	C:\Users\yujh2\.vscode\extensions\redhat.java-1.36.0-win32-x64\jre\17.0.13-win32-x86_64\bin\net.dll
0x00007ffb5c690000 - 0x00007ffb5c7c6000 	C:\Windows\SYSTEM32\WINHTTP.dll
0x00007ffb5f9c0000 - 0x00007ffb5fa29000 	C:\Windows\system32\mswsock.dll
0x00007ffb2a310000 - 0x00007ffb2a326000 	C:\Users\yujh2\.vscode\extensions\redhat.java-1.36.0-win32-x64\jre\17.0.13-win32-x86_64\bin\nio.dll
0x00007ffb37040000 - 0x00007ffb37050000 	c:\Users\yujh2\.vscode\extensions\redhat.java-1.36.0-win32-x64\jre\17.0.13-win32-x86_64\bin\verify.dll
0x00007ffb2af20000 - 0x00007ffb2af65000 	C:\Users\yujh2\AppData\Roaming\Code\User\globalStorage\redhat.java\1.36.0\config_ss_win\org.eclipse.equinox.launcher\org.eclipse.equinox.launcher.win32.win32.x86_64_1.2.1100.v20240722-2106\eclipse_11904.dll
0x00007ffb61aa0000 - 0x00007ffb61c45000 	C:\Windows\System32\ole32.dll
0x00007ffb37010000 - 0x00007ffb3701a000 	C:\Users\yujh2\.vscode\extensions\redhat.java-1.36.0-win32-x64\jre\17.0.13-win32-x86_64\bin\management.dll
0x00007ffb34370000 - 0x00007ffb3437b000 	C:\Users\yujh2\.vscode\extensions\redhat.java-1.36.0-win32-x64\jre\17.0.13-win32-x86_64\bin\management_ext.dll
0x00007ffb63380000 - 0x00007ffb63388000 	C:\Windows\System32\PSAPI.DLL
0x00007ffb60a40000 - 0x00007ffb60a5b000 	C:\Windows\SYSTEM32\CRYPTSP.dll
0x00007ffb5fa30000 - 0x00007ffb5fa65000 	C:\Windows\system32\rsaenh.dll
0x00007ffb5faf0000 - 0x00007ffb5fb18000 	C:\Windows\SYSTEM32\USERENV.dll
0x00007ffb5fc50000 - 0x00007ffb5fc5c000 	C:\Windows\SYSTEM32\CRYPTBASE.dll
0x00007ffb5f010000 - 0x00007ffb5f03d000 	C:\Windows\SYSTEM32\IPHLPAPI.DLL
0x00007ffb62620000 - 0x00007ffb62629000 	C:\Windows\System32\NSI.dll
0x00007ffb5a460000 - 0x00007ffb5a479000 	C:\Windows\SYSTEM32\dhcpcsvc6.DLL
0x00007ffb5a440000 - 0x00007ffb5a45f000 	C:\Windows\SYSTEM32\dhcpcsvc.DLL
0x00007ffb5f040000 - 0x00007ffb5f142000 	C:\Windows\SYSTEM32\DNSAPI.dll

dbghelp: loaded successfully - version: 4.0.5 - missing functions: none
symbol engine: initialized successfully - sym options: 0x614 - pdb path: .;c:\Users\yujh2\.vscode\extensions\redhat.java-1.36.0-win32-x64\jre\17.0.13-win32-x86_64\bin;C:\Windows\SYSTEM32;C:\Windows\WinSxS\amd64_microsoft.windows.common-controls_6595b64144ccf1df_6.0.22621.3672_none_2713b9d173822955;c:\Users\yujh2\.vscode\extensions\redhat.java-1.36.0-win32-x64\jre\17.0.13-win32-x86_64\bin\server;C:\Users\yujh2\AppData\Roaming\Code\User\globalStorage\redhat.java\1.36.0\config_ss_win\org.eclipse.equinox.launcher\org.eclipse.equinox.launcher.win32.win32.x86_64_1.2.1100.v20240722-2106

VM Arguments:
jvm_args: --add-modules=ALL-SYSTEM --add-opens=java.base/java.util=ALL-UNNAMED --add-opens=java.base/java.lang=ALL-UNNAMED --add-opens=java.base/sun.nio.fs=ALL-UNNAMED -Declipse.application=org.eclipse.jdt.ls.core.id1 -Dosgi.bundles.defaultStartLevel=4 -Declipse.product=org.eclipse.jdt.ls.core.product -Djava.import.generatesMetadataFilesAtProjectRoot=false -DDetectVMInstallationsJob.disabled=true -Xlog:disable -Dfile.encoding=utf8 -javaagent:c:\Users\yujh2\.vscode\extensions\redhat.java-1.36.0-win32-x64\lombok\lombok-1.18.35.jar 
java_command: c:\Users\yujh2\.vscode\extensions\redhat.java-1.36.0-win32-x64\server\plugins\org.eclipse.equinox.launcher_1.6.900.v20240613-2009.jar -configuration c:\Users\yujh2\AppData\Roaming\Code\User\globalStorage\redhat.java\1.36.0\config_ss_win -data c:\Users\yujh2\AppData\Roaming\Code\User\workspaceStorage\8b322c775dc989a63e8696912f2f0562\redhat.java\ss_ws --pipe=\\.\pipe\lsp-5abc6bc0c06c5284a7109511595862a1-sock
java_class_path (initial): c:\Users\yujh2\.vscode\extensions\redhat.java-1.36.0-win32-x64\server\plugins\org.eclipse.equinox.launcher_1.6.900.v20240613-2009.jar
Launcher Type: SUN_STANDARD

[Global flags]
     intx CICompilerCount                          = 12                                        {product} {ergonomic}
     uint ConcGCThreads                            = 3                                         {product} {ergonomic}
     uint G1ConcRefinementThreads                  = 13                                        {product} {ergonomic}
   size_t G1HeapRegionSize                         = 2097152                                   {product} {ergonomic}
    uintx GCDrainStackTargetSize                   = 64                                        {product} {ergonomic}
   size_t InitialHeapSize                          = 264241152                                 {product} {ergonomic}
   size_t MarkStackSize                            = 4194304                                   {product} {ergonomic}
   size_t MaxHeapSize                              = 4213178368                                {product} {ergonomic}
   size_t MaxNewSize                               = 2527068160                                {product} {ergonomic}
   size_t MinHeapDeltaBytes                        = 2097152                                   {product} {ergonomic}
   size_t MinHeapSize                              = 8388608                                   {product} {ergonomic}
    uintx NonNMethodCodeHeapSize                   = 7602480                                {pd product} {ergonomic}
    uintx NonProfiledCodeHeapSize                  = 122027880                              {pd product} {ergonomic}
    uintx ProfiledCodeHeapSize                     = 122027880                              {pd product} {ergonomic}
    uintx ReservedCodeCacheSize                    = 251658240                              {pd product} {ergonomic}
     bool SegmentedCodeCache                       = true                                      {product} {ergonomic}
   size_t SoftMaxHeapSize                          = 4213178368                             {manageable} {ergonomic}
     bool UseCompressedClassPointers               = true                           {product lp64_product} {ergonomic}
     bool UseCompressedOops                        = true                           {product lp64_product} {ergonomic}
     bool UseG1GC                                  = true                                      {product} {ergonomic}
     bool UseLargePagesIndividualAllocation        = false                                  {pd product} {ergonomic}

Logging:
Log output configuration:
 #0: stdout all=off uptime,level,tags
 #1: stderr all=off uptime,level,tags

Environment Variables:
JAVA_HOME=C:\dev\jdk\jdk-17.0.11_windows-x64_bin
PATH=C:\Program Files\Common Files\Oracle\Java\javapath;C:\Windows\system32;C:\Windows;C:\Windows\System32\Wbem;C:\Windows\System32\WindowsPowerShell\v1.0\;C:\Windows\System32\OpenSSH\;C:\Program Files (x86)\NVIDIA Corporation\PhysX\Common;C:\Program Files\NVIDIA Corporation\NVIDIA NvDLISR;C:\Program Files\nodejs\;C:\dev\jdk\jdk-17.0.11_windows-x64_bin\bin\;C:\Program Files\Git\cmd;C:\Program Files\Docker\Docker\resources\bin;C:\Users\yujh2\AppData\Roaming\Python\Scripts;C:\Users\yujh2\AppData\Roaming\pypoetry\venv\Scripts;C:\Users\yujh2\AppData\Roaming\npm;C:\dev\flutter\bin;C:\Program Files (x86)\Windows Kits\10\Windows Performance Toolkit\;C:\Users\yujh2\AppData\Local\Pub\Cache\bin;C:\Program Files\Amazon\AWSCLI\bin\;C:\Program Files\Amazon\AWSCLIV2\;C:\Users\yujh2\AppData\Local\Programs\Python\Launcher\;C:\Users\yujh2\AppData\Local\Microsoft\WindowsApps;C:\Users\yujh2\AppData\Local\Programs\Microsoft VS Code\bin;C:\Users\yujh2\AppData\Roaming\npm;C:\Users\yujh2\AppData\Local\Google\Cloud SDK\google-cloud-sdk\bin;C:\Users\yujh2\AppData\Local\gitkraken\bin
USERNAME=yujh2
OS=Windows_NT
PROCESSOR_IDENTIFIER=Intel64 Family 6 Model 186 Stepping 2, GenuineIntel
TMP=C:\Users\yujh2\AppData\Local\Temp
TEMP=C:\Users\yujh2\AppData\Local\Temp



Periodic native trim disabled


---------------  S Y S T E M  ---------------

OS:
 Windows 11 , 64 bit Build 22621 (10.0.22621.3958)
OS uptime: 1 days 2:25 hours
Hyper-V role detected

CPU: total 16 (initial active 16) (8 cores per cpu, 2 threads per core) family 6 model 186 stepping 2 microcode 0x410c, cx8, cmov, fxsr, ht, mmx, 3dnowpref, sse, sse2, sse3, ssse3, sse4.1, sse4.2, popcnt, lzcnt, tsc, tscinvbit, avx, avx2, aes, erms, clmul, bmi1, bmi2, adx, sha, fma, vzeroupper, clflush, clflushopt, clwb, hv
Processor Information for processor 0
  Max Mhz: 2200, Current Mhz: 2200, Mhz Limit: 2200
Processor Information for processor 1
  Max Mhz: 2200, Current Mhz: 2200, Mhz Limit: 2200
Processor Information for processor 2
  Max Mhz: 2200, Current Mhz: 2200, Mhz Limit: 2200
Processor Information for processor 3
  Max Mhz: 2200, Current Mhz: 2200, Mhz Limit: 2200
Processor Information for processor 4
  Max Mhz: 2200, Current Mhz: 2200, Mhz Limit: 2200
Processor Information for processor 5
  Max Mhz: 2200, Current Mhz: 2200, Mhz Limit: 2200
Processor Information for processor 6
  Max Mhz: 2200, Current Mhz: 2200, Mhz Limit: 2200
Processor Information for processor 7
  Max Mhz: 2200, Current Mhz: 2200, Mhz Limit: 2200
Processor Information for processor 8
  Max Mhz: 2200, Current Mhz: 2200, Mhz Limit: 2200
Processor Information for processor 9
  Max Mhz: 2200, Current Mhz: 2200, Mhz Limit: 2200
Processor Information for processor 10
  Max Mhz: 2200, Current Mhz: 2200, Mhz Limit: 2200
Processor Information for processor 11
  Max Mhz: 2200, Current Mhz: 2200, Mhz Limit: 2200
Processor Information for processor 12
  Max Mhz: 2200, Current Mhz: 2200, Mhz Limit: 2200
Processor Information for processor 13
  Max Mhz: 2200, Current Mhz: 2200, Mhz Limit: 2200
Processor Information for processor 14
  Max Mhz: 2200, Current Mhz: 1512, Mhz Limit: 2200
Processor Information for processor 15
  Max Mhz: 2200, Current Mhz: 2200, Mhz Limit: 2200

Memory: 4k page, system-wide physical 16066M (411M free)
TotalPageFile size 43869M (AvailPageFile size 109M)
current process WorkingSet (physical memory assigned to process): 123M, peak: 141M
current process commit charge ("private bytes"): 172M, peak: 375M

vm_info: OpenJDK 64-Bit Server VM (17.0.13+11) for windows-amd64 JRE (17.0.13+11), built on Oct 16 2024 00:10:08 by "admin" with MS VC++ 17.7 (VS2022)

END.
